e:\repositories\linkingffmpeginvisualstudio\ffmpegdemo\debug\ffmpegtrimmer.bsc
e:\repositories\linkingffmpeginvisualstudio\ffmpegdemo\ffmpegtrimmer\debug\vc140.pdb
e:\repositories\linkingffmpeginvisualstudio\ffmpegdemo\ffmpegtrimmer\debug\vc140.idb
e:\repositories\linkingffmpeginvisualstudio\ffmpegdemo\ffmpegtrimmer\debug\trim.sbr
e:\repositories\linkingffmpeginvisualstudio\ffmpegdemo\ffmpegtrimmer\debug\transcoding.sbr
e:\repositories\linkingffmpeginvisualstudio\ffmpegdemo\ffmpegtrimmer\debug\transcoding.obj
e:\repositories\linkingffmpeginvisualstudio\ffmpegdemo\ffmpegtrimmer\debug\trim.obj
e:\repositories\linkingffmpeginvisualstudio\ffmpegdemo\ffmpegtrimmer\debug\source.sbr
e:\repositories\linkingffmpeginvisualstudio\ffmpegdemo\ffmpegtrimmer\debug\source.obj
e:\repositories\linkingffmpeginvisualstudio\ffmpegdemo\debug\ffmpegtrimmer.ilk
e:\repositories\linkingffmpeginvisualstudio\ffmpegdemo\debug\ffmpegtrimmer.exe
e:\repositories\linkingffmpeginvisualstudio\ffmpegdemo\debug\ffmpegtrimmer.pdb
e:\repositories\linkingffmpeginvisualstudio\ffmpegdemo\ffmpegtrimmer\debug\ffmpegtrimmer.tlog\bscmake.command.1.tlog
e:\repositories\linkingffmpeginvisualstudio\ffmpegdemo\ffmpegtrimmer\debug\ffmpegtrimmer.tlog\bscmake.read.1.tlog
e:\repositories\linkingffmpeginvisualstudio\ffmpegdemo\ffmpegtrimmer\debug\ffmpegtrimmer.tlog\bscmake.write.1.tlog
e:\repositories\linkingffmpeginvisualstudio\ffmpegdemo\ffmpegtrimmer\debug\ffmpegtrimmer.tlog\cl.command.1.tlog
e:\repositories\linkingffmpeginvisualstudio\ffmpegdemo\ffmpegtrimmer\debug\ffmpegtrimmer.tlog\cl.read.1.tlog
e:\repositories\linkingffmpeginvisualstudio\ffmpegdemo\ffmpegtrimmer\debug\ffmpegtrimmer.tlog\cl.write.1.tlog
e:\repositories\linkingffmpeginvisualstudio\ffmpegdemo\ffmpegtrimmer\debug\ffmpegtrimmer.tlog\link.command.1.tlog
e:\repositories\linkingffmpeginvisualstudio\ffmpegdemo\ffmpegtrimmer\debug\ffmpegtrimmer.tlog\link.read.1.tlog
e:\repositories\linkingffmpeginvisualstudio\ffmpegdemo\ffmpegtrimmer\debug\ffmpegtrimmer.tlog\link.write.1.tlog
