e:\repositories\linkingffmpeginvisualstudio\ffmpegdemo\debug\ffmpegdebugger.bsc
e:\repositories\linkingffmpeginvisualstudio\ffmpegdemo\ffmpegdebugger\debug\vc140.pdb
e:\repositories\linkingffmpeginvisualstudio\ffmpegdemo\ffmpegdebugger\debug\vc140.idb
e:\repositories\linkingffmpeginvisualstudio\ffmpegdemo\ffmpegdebugger\debug\ffmpeg_opt.sbr
e:\repositories\linkingffmpeginvisualstudio\ffmpegdemo\ffmpegdebugger\debug\ffmpeg_filter.sbr
e:\repositories\linkingffmpeginvisualstudio\ffmpegdemo\ffmpegdebugger\debug\ffmpeg.sbr
e:\repositories\linkingffmpeginvisualstudio\ffmpegdemo\ffmpegdebugger\debug\cmdutils.sbr
e:\repositories\linkingffmpeginvisualstudio\ffmpegdemo\ffmpegdebugger\debug\cmdutils.obj
e:\repositories\linkingffmpeginvisualstudio\ffmpegdemo\ffmpegdebugger\debug\ffmpeg.obj
e:\repositories\linkingffmpeginvisualstudio\ffmpegdemo\ffmpegdebugger\debug\ffmpeg_filter.obj
e:\repositories\linkingffmpeginvisualstudio\ffmpegdemo\ffmpegdebugger\debug\ffmpeg_opt.obj
e:\repositories\linkingffmpeginvisualstudio\ffmpegdemo\debug\ffmpegdebugger.ilk
e:\repositories\linkingffmpeginvisualstudio\ffmpegdemo\debug\ffmpegdebugger.exe
e:\repositories\linkingffmpeginvisualstudio\ffmpegdemo\debug\ffmpegdebugger.pdb
e:\repositories\linkingffmpeginvisualstudio\ffmpegdemo\ffmpegdebugger\debug\ffmpegdebugger.tlog\bscmake.command.1.tlog
e:\repositories\linkingffmpeginvisualstudio\ffmpegdemo\ffmpegdebugger\debug\ffmpegdebugger.tlog\bscmake.read.1.tlog
e:\repositories\linkingffmpeginvisualstudio\ffmpegdemo\ffmpegdebugger\debug\ffmpegdebugger.tlog\bscmake.write.1.tlog
e:\repositories\linkingffmpeginvisualstudio\ffmpegdemo\ffmpegdebugger\debug\ffmpegdebugger.tlog\cl.command.1.tlog
e:\repositories\linkingffmpeginvisualstudio\ffmpegdemo\ffmpegdebugger\debug\ffmpegdebugger.tlog\cl.read.1.tlog
e:\repositories\linkingffmpeginvisualstudio\ffmpegdemo\ffmpegdebugger\debug\ffmpegdebugger.tlog\cl.write.1.tlog
e:\repositories\linkingffmpeginvisualstudio\ffmpegdemo\ffmpegdebugger\debug\ffmpegdebugger.tlog\link.command.1.tlog
e:\repositories\linkingffmpeginvisualstudio\ffmpegdemo\ffmpegdebugger\debug\ffmpegdebugger.tlog\link.read.1.tlog
e:\repositories\linkingffmpeginvisualstudio\ffmpegdemo\ffmpegdebugger\debug\ffmpegdebugger.tlog\link.write.1.tlog
